N|Y|${HOME}/.config/Code/User|settings.json|visual-studio-code-bin
N|Y|${HOME}/.config/Code - OSS/User|settings.json|code
N|Y|${HOME}/.config|code-flags.conf|visual-studio-code-bin
N|Y|${HOME}/.config|code-flags.conf|code
N|Y|${HOME}/.config|spotify-flags.conf|spotify
Y|Y|${HOME}/.config|dunst|dunst
Y|Y|${HOME}/.config|fish|fish
Y|Y|${HOME}/.config/hyde|wallbash|hyprland
Y|Y|${HOME}/.config/hypr|animations.conf hyprland.conf windowrules.conf themes|hyprland
N|Y|${HOME}/.config/hypr|keybindings.conf monitors.conf userprefs.conf|hyprland
N|Y|${HOME}/.config/hypr|nvidia.conf|hyprland nvidia-utils
Y|Y|${HOME}/.local/share|bin|hyprland
Y|Y|${HOME}/.config|kitty|kitty
Y|Y|${HOME}/.config|Kvantum|kvantum
Y|Y|${HOME}/.config|lsd|lsd
Y|Y|${HOME}/.config|MangoHud|mangohud
Y|Y|${HOME}/.config|fastfetch|fastfetch
Y|Y|${HOME}/.config|qt5ct|qt5ct
Y|Y|${HOME}/.config|qt6ct|qt6ct
Y|Y|${HOME}/.config|rofi|rofi
Y|Y|${HOME}/.config|swaylock|swaylock-effects
Y|Y|${HOME}/.config/waybar|modules config.jsonc style.css theme.css|waybar
Y|Y|${HOME}/.config/waybar|config.ctl|waybar
Y|Y|${HOME}/.config|wlogout|wlogout
Y|Y|${HOME}/.config|xsettingsd nwg-look gtk-3.0|nwg-look
Y|Y|${HOME}/.icons|default|nwg-look
Y|Y|${HOME}|.gtkrc-2.0|nwg-look
Y|Y|${HOME}/.config|dolphinrc kdeglobals|dolphin
Y|Y|${HOME}/.local/share|dolphin|dolphin
Y|Y|${HOME}/.local/share/kxmlgui5|dolphin|dolphin
Y|Y|${HOME}/.local/share/kio/servicemenus|hydewallpaper.desktop|dolphin
N|Y|${HOME}/.config|libinput-gestures.conf|libinput-gestures
#╒═══════════════════════════════════════════════════════════╕
#│                                                           │
#│                   Gl00ria's Restore Cfg                   │
#│                                                           │
#╘═══════════════════════════════════════════════════════════╛
#1 is overwrite flag [Y/N], to overwrite the target from source if it already exist
#2 is backup flag [Y/N], to copy the target file to backup directory
#3 is the target directory path
#4 is the source file/directory name(s), space separated list
#5 is the space separated package dependency list, to skip configs for packages that are not installed
# --------------------------------------------------- // Nvidia
N|Y|${HOME}/etc/dracut.conf.d|nvidia.conf|nvidia-utils
# --------------------------------------------------- // Security
N|Y|${HOME}/.config/autostart|apparmor-notify.desktop|apparmor
# --------------------------------------------------- // Power Management
N|Y|${HOME}/etc|tlp.conf|tlp
N|Y|${HOME}/etc|auto-cpufreq.conf|auto-cpufreq
# --------------------------------------------------- // Backup
N|Y|${HOME}/etc/systemd/system|btrfsd.service|grub-btrfsd
# --------------------------------------------------- // Shells
# Bash
N|Y|${HOME}|.bashrc|bash
N|Y|${HOME}/.config|bashrc|bash
